2026-06-21 05:03:32 CMD: '/usr/bin/python3' '/var/www/html/ocr_parser.py' '/tmp/phpcboSMS' 2>&1
OUTPUT: {
  "inn": null,
  "phone": "+79001234567",
  "address": null,
  "full_text": "07707083803\n\nп +7900 123-4567\n\nое 52 посев в 1\n"
}

2026-06-21 05:11:47 CMD: '/usr/bin/python3' '/var/www/html/ocr_parser.py' '/tmp/phpLx0TsZ' 2>&1
OUTPUT: {
  "inn": null,
  "phone": null,
  "address": null,
  "full_text": "67102 2.008Р/С60\n\n(90Г:00} НЭ0:0Н3 980904528 :ННИ\n000 1901049\n\nпионы оо а она а ааа\n\n9 бр ВЯ $81 ЭУН ИНО:\n\nЯЗЬ и9809Э6»\n\n00: ‘УНОО 62:78 :ИНИННОЧТУЗИЕ\n00:0 ‘О1ЕНИЧИ 000. : ИНМНБИУЫН\nА: _:101И 00`0 :ЗИНЗИ 144У0\n9 `00°501 7% 00:50; 00:50}\n| 105 0861401 `тев`эеН`ам! 989 9666696\nУ 00:55 |= 00'66 00°56 \\\nес” вия\" 3105 ' ГМОЯ* Э9у*1Н0У 99/вЕрС»\nЫ 0061 [+= 1 00:6/ _ _ 00-64\nСЕ\" ВИО\": 05° ГНОЗ\"эеу` 1НОХ В9/8СУС\n9 $27641 6% 6/`66 6/66\n| 1044 ` лот` Нез\" ии 196 * мочон- увух евв99ре\nУ 00:90, [= 00°501 00`60}\n— 116 086/477 `пов`о®н`ОМ! 939 96669Е\n9 0016 = 00 00° 516\n| иНОВучет/Фея` лот. |1: он: 153№ сбосьа\n| ЭУН о4о1и 08-0} нохуияо вхшия) энеп\n| 0э знеп\n\n1567501010002 18.\n\n_ 86866669Г2:\n\nР4-- 6129106819911 000:1%У\n0ХИа 09}: хе 68: звненл р: 9956}.\n66:61 ГД И ер МИ Е\n венчиечлнел \"У еИНеа0А7 'Н-9 Иия2ноу0я998 ‘689881\n\n"
}

2026-06-21 05:20:33 CMD: '/usr/bin/python3' '/var/www/html/ocr_parser.py' '/tmp/phprtix9g' 2>&1
OUTPUT: {
  "inn": "9809026282",
  "phone": null,
  "address": null,
  "full_text": "212910651 99%,\n\n= ини трее 3.\n\n_ ___ УОХИЗи )9у : яр с8: внена\n96:91 (ру них м м\n—  ШЕНЗУволНоЛ '`и еине90д) ‘н-а Иихэнои08е8 еооа\n\nкони\"\n\nи то НЭ0:0Н2 9809026282 (1\n00:0 ТА 62 РЕВ ТЕ\n00*0 :О1ЕНИЗИ 00°0  ИНМННИУУН\n9С’РЕ8 : 01 00°0 :ЗИНЗУ 1490\n5 79:00 00'0 _ И\n| У 00’60, + 00:50} 00°$0}\n| | 105 082(/(/ ‘тез’ эен`ам! 939 9665696\n| У 00'55 |\"  00°56_ | 00° $5\n| 1662‘ вия: 43105 ° ГМОЯ* 2еу` 1НОХ 99686»\n| У 00’6/ |. 00°6/ 00° 64\n| Е” Вии\" ия\" 4105 ` ГМОЗ` 9 у`1Н0Х 8948676 —\n9 9261 6» 9/`65 6(`66\n304 -` хот` неэ`уи` 96 * жочон: увух $98996 —\nУ 00'50, |» 00'50} И |\n105 0824(((`тез`э9ен`ом! 939 9665696 —\n9 00 |\" ООН 00° ЕЕ |\nинОЗраем/фея` лот} |1’ аон’153м 6692615\nЭУН 0.:01И 09-10 иОхуих> вия) энное\n\nоэ ней\nЯЗЬ им8053ыУ\n\nохноЧэшьк]] |<\n\n"
}

2026-06-21 05:22:41 CMD: '/usr/bin/python3' '/var/www/html/ocr_parser.py' '/tmp/php15UFin' 2>&1
OUTPUT: {
  "inn": "9809026282",
  "phone": null,
  "address": null,
  "full_text": "212910651 99%,\n\n= ини трее 3.\n\n_ ___ УОХИЗи )9у : яр с8: внена\n96:91 (ру них м м\n—  ШЕНЗУволНоЛ '`и еине90д) ‘н-а Иихэнои08е8 еооа\n\nкони\"\n\nи то НЭ0:0Н2 9809026282 (1\n00:0 ТА 62 РЕВ ТЕ\n00*0 :О1ЕНИЗИ 00°0  ИНМННИУУН\n9С’РЕ8 : 01 00°0 :ЗИНЗУ 1490\n5 79:00 00'0 _ И\n| У 00’60, + 00:50} 00°$0}\n| | 105 082(/(/ ‘тез’ эен`ам! 939 9665696\n| У 00'55 |\"  00°56_ | 00° $5\n| 1662‘ вия: 43105 ° ГМОЯ* 2еу` 1НОХ 99686»\n| У 00’6/ |. 00°6/ 00° 64\n| Е” Вии\" ия\" 4105 ` ГМОЗ` 9 у`1Н0Х 8948676 —\n9 9261 6» 9/`65 6(`66\n304 -` хот` неэ`уи` 96 * жочон: увух $98996 —\nУ 00'50, |» 00'50} И |\n105 0824(((`тез`э9ен`ом! 939 9665696 —\n9 00 |\" ООН 00° ЕЕ |\nинОЗраем/фея` лот} |1’ аон’153м 6692615\nЭУН 0.:01И 09-10 иОхуих> вия) энное\n\nоэ ней\nЯЗЬ им8053ыУ\n\nохноЧэшьк]] |<\n\n"
}

2026-06-21 05:54:24 [TESSERACT] OUTPUT: {
  "inn": null,
  "phone": null,
  "address": null,
  "full_text": "они\n\n86856669\nРР! 21291065199. 000: 1\nо.\n\n«ИЕ\n\n92`9 ‘*\\А\n' венчиви1нол ’`И 65Не9042 ‘Н-9 иижомои0в98 < ‹ 68988\n(90Г:00у Н0:0Н9 980904528 :ННИ\n00° УВЫУ) 62° СВ \"ИНАННОУЗуЕ\n00'0 ‘О1ЕНИчИ 00`0 : ИНАНЫИУУН\n$С`7Е8 : ОИ 00°0 : ЗИНЗУ 149У0\nВВ 1 01190 000 В\n9 00’50 [» 00'50} 00`$0}\n185 08212 `те9` 9ен* он! 93) 9665696\n9 00'55 }* 00'56 0095\nо Е И НАХ,\n-\nС: асс\" вйиэ- и: 3105` ГМов: э0у` 140 8948576\n9 9264 би 91206 _ 90'65\n2044.4‘ хот` нея` ии уе жоаОн ВЫ\n- 00°$0}\nА ик 085441 вов`9®н\"ОНт 289 бсесяю\n: 00° ЕЕ |\nое А [1 У\" 90Н* 15 3М 6692615\nЭУН о-ю1Н 09-00% и ехиих) — енеп\n\nУЭЬ им9805356У\n\nряноЧэшь] | (=)\n\nмиу энилнеуеа:чизэеу\n\nуни\n\n"
}

2026-06-21 05:59:39 [TESSERACT] OUTPUT: {
  "inn": null,
  "phone": null,
  "address": null,
  "full_text": "они\n\n86856669\nРР! 21291065199. 000: 1\nо.\n\n«ИЕ\n\n92`9 ‘*\\А\n' венчиви1нол ’`И 65Не9042 ‘Н-9 иижомои0в98 < ‹ 68988\n(90Г:00у Н0:0Н9 980904528 :ННИ\n00° УВЫУ) 62° СВ \"ИНАННОУЗуЕ\n00'0 ‘О1ЕНИчИ 00`0 : ИНАНЫИУУН\n$С`7Е8 : ОИ 00°0 : ЗИНЗУ 149У0\nВВ 1 01190 000 В\n9 00’50 [» 00'50} 00`$0}\n185 08212 `те9` 9ен* он! 93) 9665696\n9 00'55 }* 00'56 0095\nо Е И НАХ,\n-\nС: асс\" вйиэ- и: 3105` ГМов: э0у` 140 8948576\n9 9264 би 91206 _ 90'65\n2044.4‘ хот` нея` ии уе жоаОн ВЫ\n- 00°$0}\nА ик 085441 вов`9®н\"ОНт 289 бсесяю\n: 00° ЕЕ |\nое А [1 У\" 90Н* 15 3М 6692615\nЭУН о-ю1Н 09-00% и ехиих) — енеп\n\nУЭЬ им9805356У\n\nряноЧэшь] | (=)\n\nмиу энилнеуеа:чизэеу\n\nуни\n\n"
}

2026-06-21 05:59:54 [TESSERACT] OUTPUT: {
  "inn": null,
  "phone": null,
  "address": null,
  "full_text": "Е\n:ноуино мо1эьА э 0\n\n. мОНим> оз\n‚ НоЧимо 690 0.0\n\nс И нь\n\n'65= и енеаден побиад` 9зих 1\nэовон вонив0 эчнанац $ |\n\nЕЕ Пе 0х00`661 $ 97 ее] 99 |\n06°61-= ед | ниизИси эчнночемем 27|\n29`05=056 `0Х05 * 85 Чомевме мненеч ||\n06`06= 29| ц/у моээи дежез (|\n06 'уф= Ж 2/9 ьенатАь гни!нао | Б\n00`9$= 1246 5 нидониП иибоний В\n00`55= ичмэ2 иэ78 ви] емнажыа /\n00`65= эоньовииэ-ониеиэ оиэей 9\n056`4+= Ц/и %6[ еШан) ене12м) 6\n0 3. 18- НьОЦОМ 5Рнадея 2Э2диоу\n( еннодевои ыенпаии чи0) В\n= енаиия ы?чэиди) ономом 2\n\n[206 `18 +05 чиемо1 |\n\n02:15:81 2105 `80`51\n\n"
}

2026-06-21 06:03:37 [TESSERACT] OUTPUT: {
  "inn": null,
  "phone": "+79001234567",
  "address": null,
  "full_text": "07707083803\n\nп +7900 123-4567\n\nое 52 посев в 1\n"
}

